#-----------------------------------------------------------
# Vivado v2018.2 (64-bit)
# SW Build 2258646 on Thu Jun 14 20:03:12 MDT 2018
# IP Build 2256618 on Thu Jun 14 22:10:49 MDT 2018
# Start of session at: Tue Oct 23 21:08:11 2018
# Process ID: 1764
# Current directory: D:/Vivado Projects/LEDbyKEY
# Command line: vivado.exe -gui_launcher_event rodinguilauncherevent3124 D:\Vivado Projects\LEDbyKEY\LEDbyKEY.xpr
# Log file: D:/Vivado Projects/LEDbyKEY/vivado.log
# Journal file: D:/Vivado Projects/LEDbyKEY\vivado.jou
#-----------------------------------------------------------
start_gui
open_project {D:/Vivado Projects/LEDbyKEY/LEDbyKEY.xpr}
Scanning sources...
Finished scanning sources
INFO: [IP_Flow 19-234] Refreshing IP repositories
INFO: [IP_Flow 19-1704] No user IP repositories specified
INFO: [IP_Flow 19-2313] Loaded Vivado IP repository 'D:/Xilinx/Vivado/2018.2/data/ip'.
open_project: Time (s): cpu = 00:00:12 ; elapsed = 00:00:06 . Memory (MB): peak = 866.547 ; gain = 161.207
update_compile_order -fileset sources_1
launch_runs impl_1 -to_step write_bitstream -jobs 4
[Tue Oct 23 21:08:57 2018] Launched impl_1...
Run output will be captured here: D:/Vivado Projects/LEDbyKEY/LEDbyKEY.runs/impl_1/runme.log
